<?xml version="1.0" encoding="UTF-8"?>
<!-- Generated by org.testng.reporters.JUnitReportReporter -->
<testsuite skipped="0" hostname="LAPTOP-M68A40QS" name="PageTests.Logintest" tests="3" failures="0" timestamp="16 Mar 2018 05:27:40 GMT" time="49.570" errors="0">
  <testcase name="Titletest" time="10.314" classname="PageTests.Logintest"/>
  <testcase name="verifyLogo" time="9.029" classname="PageTests.Logintest"/>
  <testcase name="Login" time="30.227" classname="PageTests.Logintest"/>
</testsuite> <!-- PageTests.Logintest -->
